<?xml version="1.0" encoding="UTF-8"?>
<!-- Generated by org.testng.reporters.JUnitXMLReporter -->
<testsuite hostname="Jayarees-MacBook-Pro.local" ignored="0" name="Chrome" tests="20" failures="9" timestamp="11 Sep 2019 16:25:42 GMT" time="373.864" errors="0">
  <testcase name="i_am_not_a_user_of_agate_on_stamford_and_I_open_a_browser" time="2.226" classname="Stepdef.Stamford_Register"/>
  <testcase name="i_navigate_to_a_premium_article_on_stamford" time="12.054" classname="Stepdef.Stamford_Register"/>
  <testcase name="i_click_on_the_create_wallet_button_on_stamford" time="22.987" classname="Stepdef.Stamford_Register"/>
  <testcase name="i_verify_that_the_create_wallet_button_takes_me_to_the_reg_page_on_stamford" time="12.036" classname="Stepdef.Stamford_Register"/>
  <testcase name="i_enter_all_the_details_successfully_on_reg_page_of_stamford" time="56.935" classname="Stepdef.Stamford_Register"/>
  <testcase name="i_am_registered_as_an_agate_user_on_stamford_successfully_and_I_am_shown_a_first_use_notice" time="35.592" classname="Stepdef.Stamford_Register">
    <failure type="org.openqa.selenium.WebDriverException" message="unknown error: Element &amp;lt;iframe id=&amp;quot;iframe__popup_notices&amp;quot; class=&amp;quot;&amp;quot; style=&amp;quot;display: block; width: 100%; height: 470px; border: none;&amp;quot; cd_frame_id_=&amp;quot;63dd30c707ba3b3c7612293078222891&amp;quot;&amp;gt;&amp;lt;/iframe&amp;gt; is not clickable at point (432, 324). Other element would receive the click: &amp;lt;div&amp;gt;...&amp;lt;/div&amp;gt;
  (Session info: chrome=76.0.3809.132)
  (Driver info: chromedriver=2.43.600229 (3fae4d0cda5334b4f533bede5a4787f7b832d052),platform=Mac OS X 10.14.5 x86_64) (WARNING: The server did not provide any stacktrace information)
Command duration or timeout: 0 milliseconds
Build info: version: &amp;apos;3.141.59&amp;apos;, revision: &amp;apos;e82be7d358&amp;apos;, time: &amp;apos;2018-11-14T08:17:03&amp;apos;
System info: host: &amp;apos;Jayarees-MacBook-Pro.local&amp;apos;, ip: &amp;apos;fe80:0:0:0:1cfe:679:9c1d:9358%en0&amp;apos;, os.name: &amp;apos;Mac OS X&amp;apos;, os.arch: &amp;apos;x86_64&amp;apos;, os.version: &amp;apos;10.14.5&amp;apos;, java.version: &amp;apos;1.8.0_191&amp;apos;
Driver info: org.openqa.selenium.chrome.ChromeDriver
Capabilities {acceptInsecureCerts: false, acceptSslCerts: false, applicationCacheEnabled: false, browserConnectionEnabled: false, browserName: chrome, chrome: {chromedriverVersion: 2.43.600229 (3fae4d0cda5334..., userDataDir: /var/folders/s6/h3svzd2j4f3...}, cssSelectorsEnabled: true, databaseEnabled: false, goog:chromeOptions: {debuggerAddress: localhost:61900}, handlesAlerts: true, hasTouchScreen: false, javascriptEnabled: true, locationContextEnabled: true, mobileEmulationEnabled: false, nativeEvents: true, networkConnectionEnabled: false, pageLoadStrategy: normal, platform: MAC, platformName: MAC, rotatable: false, setWindowRect: true, takesHeapSnapshot: true, takesScreenshot: true, unexpectedAlertBehaviour: , unhandledPromptBehavior: , version: 76.0.3809.132, webStorageEnabled: true}
Session ID: cbeaebb2025bdc1b39831b99249027b8">
      <![CDATA[org.openqa.selenium.WebDriverException: unknown error: Element <iframe id="iframe__popup_notices" class="" style="display: block; width: 100%; height: 470px; border: none;" cd_frame_id_="63dd30c707ba3b3c7612293078222891"></iframe> is not clickable at point (432, 324). Other element would receive the click: <div>...</div>
  (Session info: chrome=76.0.3809.132)
  (Driver info: chromedriver=2.43.600229 (3fae4d0cda5334b4f533bede5a4787f7b832d052),platform=Mac OS X 10.14.5 x86_64) (WARNING: The server did not provide any stacktrace information)
Command duration or timeout: 0 milliseconds
Build info: version: '3.141.59', revision: 'e82be7d358', time: '2018-11-14T08:17:03'
System info: host: 'Jayarees-MacBook-Pro.local', ip: 'fe80:0:0:0:1cfe:679:9c1d:9358%en0', os.name: 'Mac OS X', os.arch: 'x86_64', os.version: '10.14.5', java.version: '1.8.0_191'
Driver info: org.openqa.selenium.chrome.ChromeDriver
Capabilities {acceptInsecureCerts: false, acceptSslCerts: false, applicationCacheEnabled: false, browserConnectionEnabled: false, browserName: chrome, chrome: {chromedriverVersion: 2.43.600229 (3fae4d0cda5334..., userDataDir: /var/folders/s6/h3svzd2j4f3...}, cssSelectorsEnabled: true, databaseEnabled: false, goog:chromeOptions: {debuggerAddress: localhost:61900}, handlesAlerts: true, hasTouchScreen: false, javascriptEnabled: true, locationContextEnabled: true, mobileEmulationEnabled: false, nativeEvents: true, networkConnectionEnabled: false, pageLoadStrategy: normal, platform: MAC, platformName: MAC, rotatable: false, setWindowRect: true, takesHeapSnapshot: true, takesScreenshot: true, unexpectedAlertBehaviour: , unhandledPromptBehavior: , version: 76.0.3809.132, webStorageEnabled: true}
Session ID: cbeaebb2025bdc1b39831b99249027b8
at org.openqa.selenium.remote.ErrorHandler.createThrowable(ErrorHandler.java:214)
at org.openqa.selenium.remote.ErrorHandler.throwIfResponseFailed(ErrorHandler.java:166)
at org.openqa.selenium.remote.http.JsonHttpResponseCodec.reconstructValue(JsonHttpResponseCodec.java:40)
at org.openqa.selenium.remote.http.AbstractHttpResponseCodec.decode(AbstractHttpResponseCodec.java:80)
at org.openqa.selenium.remote.http.AbstractHttpResponseCodec.decode(AbstractHttpResponseCodec.java:44)
at org.openqa.selenium.remote.HttpCommandExecutor.execute(HttpCommandExecutor.java:158)
at org.openqa.selenium.remote.service.DriverCommandExecutor.execute(DriverCommandExecutor.java:83)
at org.openqa.selenium.remote.RemoteWebDriver.execute(RemoteWebDriver.java:552)
at org.openqa.selenium.remote.RemoteWebElement.execute(RemoteWebElement.java:285)
at org.openqa.selenium.remote.RemoteWebElement.click(RemoteWebElement.java:84)
at Elements.Popbitch_Finish_Notice_elements.Verify_finish_notice_appears(Popbitch_Finish_Notice_elements.java:92)
at Stepdef.Stamford_Register.i_am_registered_as_an_agate_user_on_stamford_successfully_and_I_am_shown_a_first_use_notice(Stamford_Register.java:153)
... Removed 29 stack frames]]>
    </failure>
  </testcase> <!-- i_am_registered_as_an_agate_user_on_stamford_successfully_and_I_am_shown_a_first_use_notice -->
  <testcase name="i_am_a_registered_user_of_stamford_and_I_open_a_browser" time="1.419" classname="Stepdef.Stamford_Login"/>
  <testcase name="i_navigate_to_a_premium_article_on_stamford" time="12.733" classname="Stepdef.Stamford_Login"/>
  <testcase name="i_click_on_Login_from_stamford_First_use_notice" time="21.429" classname="Stepdef.Stamford_Login"/>
  <testcase name="i_verify_that_the_Login_Button_Navigates_me_to_the_login_page_to_log_me_in_to_stamford" time="10.341" classname="Stepdef.Stamford_Login"/>
  <testcase name="entering_the_correct_email_and_password_logs_me_in_to_stamford" time="7.078" classname="Stepdef.Stamford_Login"/>
  <testcase name="verify_that_I_am_being_navigated_to_the_same_article_on_stamford" time="5.697" classname="Stepdef.Stamford_Login">
    <failure type="java.lang.AssertionError" message="expected:&amp;lt;0.2&amp;gt; but was:&amp;lt;-0.2&amp;gt;">
      <![CDATA[java.lang.AssertionError: expected:<0.2> but was:<-0.2>
at Stepdef.Stamford_Login.verify_that_I_am_being_navigated_to_the_same_article_on_stamford(Stamford_Login.java:187)
... Removed 29 stack frames]]>
    </failure>
  </testcase> <!-- verify_that_I_am_being_navigated_to_the_same_article_on_stamford -->
  <testcase name="i_am_a_registered_Agate_User_and_I_login_in_to_stamford" time="69.574" classname="Stepdef.Stamford_transaction"/>
  <testcase name="i_read_a_premium_article_on_stamford" time="15.458" classname="Stepdef.Stamford_transaction">
    <failure type="java.lang.AssertionError" message="expected:&amp;lt;0.2&amp;gt; but was:&amp;lt;-0.4&amp;gt;">
      <![CDATA[java.lang.AssertionError: expected:<0.2> but was:<-0.4>
at Stepdef.Stamford_transaction.i_read_a_premium_article_on_stamford(Stamford_transaction.java:140)
... Removed 29 stack frames]]>
    </failure>
  </testcase> <!-- i_read_a_premium_article_on_stamford -->
  <testcase name="the_popbitch_wallet_balance_is_updated_same_as_stamford_and_free_point_remains_uneffected" time="13.52" classname="Stepdef.Stamford_transaction">
    <failure type="java.lang.AssertionError" message="expected:&amp;lt;9.4&amp;gt; but was:&amp;lt;10.0&amp;gt;">
      <![CDATA[java.lang.AssertionError: expected:<9.4> but was:<10.0>
at Stepdef.Stamford_transaction.the_popbitch_wallet_balance_is_updated_same_as_stamford_and_free_point_remains_uneffected(Stamford_transaction.java:180)
... Removed 29 stack frames]]>
    </failure>
  </testcase> <!-- the_popbitch_wallet_balance_is_updated_same_as_stamford_and_free_point_remains_uneffected -->
  <testcase name="reaction_wallet_balance_is_updated_and_free_point_remains_uneffected_same_as_stamford" time="14.677" classname="Stepdef.Stamford_transaction">
    <failure type="java.lang.AssertionError" message="expected:&amp;lt;9.4&amp;gt; but was:&amp;lt;10.0&amp;gt;">
      <![CDATA[java.lang.AssertionError: expected:<9.4> but was:<10.0>
at Stepdef.Stamford_transaction.reaction_wallet_balance_is_updated_and_free_point_remains_uneffected_same_as_stamford(Stamford_transaction.java:220)
... Removed 29 stack frames]]>
    </failure>
  </testcase> <!-- reaction_wallet_balance_is_updated_and_free_point_remains_uneffected_same_as_stamford -->
  <testcase name="cricketer_wallet_balance_remains_and_is_uneffected_by_stamford" time="14.781" classname="Stepdef.Stamford_transaction">
    <failure type="java.lang.AssertionError" message="expected:&amp;lt;9.4&amp;gt; but was:&amp;lt;10.0&amp;gt;">
      <![CDATA[java.lang.AssertionError: expected:<9.4> but was:<10.0>
at Stepdef.Stamford_transaction.cricketer_wallet_balance_remains_and_is_uneffected_by_stamford(Stamford_transaction.java:261)
... Removed 29 stack frames]]>
    </failure>
  </testcase> <!-- cricketer_wallet_balance_remains_and_is_uneffected_by_stamford -->
  <testcase name="cornwall_wallet_balance_remains_and_is_uneffected_by_stamford" time="14.575" classname="Stepdef.Stamford_transaction">
    <failure type="java.lang.AssertionError" message="expected:&amp;lt;9.4&amp;gt; but was:&amp;lt;10.0&amp;gt;">
      <![CDATA[java.lang.AssertionError: expected:<9.4> but was:<10.0>
at Stepdef.Stamford_transaction.cornwall_wallet_balance_remains_and_is_uneffected_by_stamford(Stamford_transaction.java:301)
... Removed 29 stack frames]]>
    </failure>
  </testcase> <!-- cornwall_wallet_balance_remains_and_is_uneffected_by_stamford -->
  <testcase name="slough_wallet_balance_remains_and_is_uneffected_by_stamford" time="13.899" classname="Stepdef.Stamford_transaction">
    <failure type="java.lang.AssertionError" message="expected:&amp;lt;9.4&amp;gt; but was:&amp;lt;10.0&amp;gt;">
      <![CDATA[java.lang.AssertionError: expected:<9.4> but was:<10.0>
at Stepdef.Stamford_transaction.slough_wallet_balance_remains_and_is_uneffected_by_stamford(Stamford_transaction.java:341)
... Removed 29 stack frames]]>
    </failure>
  </testcase> <!-- slough_wallet_balance_remains_and_is_uneffected_by_stamford -->
  <testcase name="windsor_wallet_balance_remains_and_is_uneffected_by_stamford" time="16.787" classname="Stepdef.Stamford_transaction">
    <failure type="java.lang.AssertionError" message="expected:&amp;lt;9.4&amp;gt; but was:&amp;lt;10.0&amp;gt;">
      <![CDATA[java.lang.AssertionError: expected:<9.4> but was:<10.0>
at Stepdef.Stamford_transaction.windsor_wallet_balance_remains_and_is_uneffected_by_stamford(Stamford_transaction.java:381)
... Removed 29 stack frames]]>
    </failure>
  </testcase> <!-- windsor_wallet_balance_remains_and_is_uneffected_by_stamford -->
</testsuite> <!-- Chrome -->
