<!DOCTYPE html PUBLIC "-//W3C//DTD XHTML 1.1//EN" "http://www.w3.org/TR/xhtml11/DTD/xhtml11.dtd">
<html xmlns="http://www.w3.org/1999/xhtml">
<head>
<meta http-equiv="content-type" content="text/html; charset=UTF-8"/>
<title>TestNG Report</title>
<style type="text/css">table {margin-bottom:10px;border-collapse:collapse;empty-cells:show}th,td {border:1px solid #009;padding:.25em .5em}th {vertical-align:bottom}td {vertical-align:top}table a {font-weight:bold}.stripe td {background-color: #E6EBF9}.num {text-align:right}.passedodd td {background-color: #3F3}.passedeven td {background-color: #0A0}.skippedodd td {background-color: #DDD}.skippedeven td {background-color: #CCC}.failedodd td,.attn {background-color: #F33}.failedeven td,.stripe .attn {background-color: #D00}.stacktrace {white-space:pre;font-family:monospace}.totop {font-size:85%;text-align:center;border-bottom:2px solid #000}.invisible {display:none}</style>
</head>
<body>
<table>
<tr><th>Test</th><th># Passed</th><th># Skipped</th><th># Failed</th><th>Time (ms)</th><th>Included Groups</th><th>Excluded Groups</th></tr>
<tr><th colspan="7">Chrome</th></tr>
<tr><td><a href="#t0">Chrome</a></td><td class="num">11</td><td class="num">0</td><td class="num attn">9</td><td class="num">373,864</td><td></td><td></td></tr>
</table>
<table id='summary'><thead><tr><th>Class</th><th>Method</th><th>Start</th><th>Time (ms)</th></tr></thead><tbody><tr><th colspan="4">Chrome</th></tr></tbody><tbody id="t0"><tr><th colspan="4">Chrome &#8212; failed</th></tr><tr class="failedeven"><td rowspan="1">Stepdef.Stamford_Login</td><td><a href="#m0">verify_that_I_am_being_navigated_to_the_same_article_on_stamford</a></td><td rowspan="1">1568218963194</td><td rowspan="1">5697</td></tr><tr class="failedodd"><td rowspan="1">Stepdef.Stamford_Register</td><td><a href="#m1">i_am_registered_as_an_agate_user_on_stamford_successfully_and_I_am_shown_a_first_use_notice</a></td><td rowspan="1">1568218874591</td><td rowspan="1">35592</td></tr><tr class="failedeven"><td rowspan="7">Stepdef.Stamford_transaction</td><td><a href="#m2">cornwall_wallet_balance_remains_and_is_uneffected_by_stamford</a></td><td rowspan="1">1568219096909</td><td rowspan="1">14575</td></tr><tr class="failedeven"><td><a href="#m3">cricketer_wallet_balance_remains_and_is_uneffected_by_stamford</a></td><td rowspan="1">1568219082127</td><td rowspan="1">14781</td></tr><tr class="failedeven"><td><a href="#m4">i_read_a_premium_article_on_stamford</a></td><td rowspan="1">1568219038468</td><td rowspan="1">15458</td></tr><tr class="failedeven"><td><a href="#m5">reaction_wallet_balance_is_updated_and_free_point_remains_uneffected_same_as_stamford</a></td><td rowspan="1">1568219067449</td><td rowspan="1">14677</td></tr><tr class="failedeven"><td><a href="#m6">slough_wallet_balance_remains_and_is_uneffected_by_stamford</a></td><td rowspan="1">1568219111485</td><td rowspan="1">13899</td></tr><tr class="failedeven"><td><a href="#m7">the_popbitch_wallet_balance_is_updated_same_as_stamford_and_free_point_remains_uneffected</a></td><td rowspan="1">1568219053928</td><td rowspan="1">13520</td></tr><tr class="failedeven"><td><a href="#m8">windsor_wallet_balance_remains_and_is_uneffected_by_stamford</a></td><td rowspan="1">1568219125386</td><td rowspan="1">16787</td></tr><tr><th colspan="4">Chrome &#8212; passed</th></tr><tr class="passedeven"><td rowspan="5">Stepdef.Stamford_Login</td><td><a href="#m9">entering_the_correct_email_and_password_logs_me_in_to_stamford</a></td><td rowspan="1">1568218956114</td><td rowspan="1">7078</td></tr><tr class="passedeven"><td><a href="#m10">i_am_a_registered_user_of_stamford_and_I_open_a_browser</a></td><td rowspan="1">1568218910187</td><td rowspan="1">1419</td></tr><tr class="passedeven"><td><a href="#m11">i_click_on_Login_from_stamford_First_use_notice</a></td><td rowspan="1">1568218924342</td><td rowspan="1">21429</td></tr><tr class="passedeven"><td><a href="#m12">i_navigate_to_a_premium_article_on_stamford</a></td><td rowspan="1">1568218911608</td><td rowspan="1">12733</td></tr><tr class="passedeven"><td><a href="#m13">i_verify_that_the_Login_Button_Navigates_me_to_the_login_page_to_log_me_in_to_stamford</a></td><td rowspan="1">1568218945772</td><td rowspan="1">10341</td></tr><tr class="passedodd"><td rowspan="5">Stepdef.Stamford_Register</td><td><a href="#m14">i_am_not_a_user_of_agate_on_stamford_and_I_open_a_browser</a></td><td rowspan="1">1568218768343</td><td rowspan="1">2226</td></tr><tr class="passedodd"><td><a href="#m15">i_click_on_the_create_wallet_button_on_stamford</a></td><td rowspan="1">1568218782628</td><td rowspan="1">22987</td></tr><tr class="passedodd"><td><a href="#m16">i_enter_all_the_details_successfully_on_reg_page_of_stamford</a></td><td rowspan="1">1568218817654</td><td rowspan="1">56935</td></tr><tr class="passedodd"><td><a href="#m17">i_navigate_to_a_premium_article_on_stamford</a></td><td rowspan="1">1568218770573</td><td rowspan="1">12054</td></tr><tr class="passedodd"><td><a href="#m18">i_verify_that_the_create_wallet_button_takes_me_to_the_reg_page_on_stamford</a></td><td rowspan="1">1568218805617</td><td rowspan="1">12036</td></tr><tr class="passedeven"><td rowspan="1">Stepdef.Stamford_transaction</td><td><a href="#m19">i_am_a_registered_Agate_User_and_I_login_in_to_stamford</a></td><td rowspan="1">1568218968893</td><td rowspan="1">69574</td></tr></tbody>
</table>
<h2>Chrome</h2><h3 id="m0">Stepdef.Stamford_Login#verify_that_I_am_being_navigated_to_the_same_article_on_stamford</h3><table class="result"><tr><th>Exception</th></tr><tr><td><div class="stacktrace">java.lang.AssertionError: expected:&lt;0.2&gt; but was:&lt;-0.2&gt;
	at Stepdef.Stamford_Login.verify_that_I_am_being_navigated_to_the_same_article_on_stamford(Stamford_Login.java:187)
... Removed 29 stack frames</div></td></tr></table><p class="totop"><a href="#summary">back to summary</a></p>
<h3 id="m1">Stepdef.Stamford_Register#i_am_registered_as_an_agate_user_on_stamford_successfully_and_I_am_shown_a_first_use_notice</h3><table class="result"><tr><th>Exception</th></tr><tr><td><div class="stacktrace">org.openqa.selenium.WebDriverException: unknown error: Element &lt;iframe id=&quot;iframe__popup_notices&quot; class=&quot;&quot; style=&quot;display: block; width: 100%; height: 470px; border: none;&quot; cd_frame_id_=&quot;63dd30c707ba3b3c7612293078222891&quot;&gt;&lt;/iframe&gt; is not clickable at point (432, 324). Other element would receive the click: &lt;div&gt;...&lt;/div&gt;
  (Session info: chrome=76.0.3809.132)
  (Driver info: chromedriver=2.43.600229 (3fae4d0cda5334b4f533bede5a4787f7b832d052),platform=Mac OS X 10.14.5 x86_64) (WARNING: The server did not provide any stacktrace information)
Command duration or timeout: 0 milliseconds
Build info: version: &apos;3.141.59&apos;, revision: &apos;e82be7d358&apos;, time: &apos;2018-11-14T08:17:03&apos;
System info: host: &apos;Jayarees-MacBook-Pro.local&apos;, ip: &apos;fe80:0:0:0:1cfe:679:9c1d:9358%en0&apos;, os.name: &apos;Mac OS X&apos;, os.arch: &apos;x86_64&apos;, os.version: &apos;10.14.5&apos;, java.version: &apos;1.8.0_191&apos;
Driver info: org.openqa.selenium.chrome.ChromeDriver
Capabilities {acceptInsecureCerts: false, acceptSslCerts: false, applicationCacheEnabled: false, browserConnectionEnabled: false, browserName: chrome, chrome: {chromedriverVersion: 2.43.600229 (3fae4d0cda5334..., userDataDir: /var/folders/s6/h3svzd2j4f3...}, cssSelectorsEnabled: true, databaseEnabled: false, goog:chromeOptions: {debuggerAddress: localhost:61900}, handlesAlerts: true, hasTouchScreen: false, javascriptEnabled: true, locationContextEnabled: true, mobileEmulationEnabled: false, nativeEvents: true, networkConnectionEnabled: false, pageLoadStrategy: normal, platform: MAC, platformName: MAC, rotatable: false, setWindowRect: true, takesHeapSnapshot: true, takesScreenshot: true, unexpectedAlertBehaviour: , unhandledPromptBehavior: , version: 76.0.3809.132, webStorageEnabled: true}
Session ID: cbeaebb2025bdc1b39831b99249027b8
	at org.openqa.selenium.remote.ErrorHandler.createThrowable(ErrorHandler.java:214)
	at org.openqa.selenium.remote.ErrorHandler.throwIfResponseFailed(ErrorHandler.java:166)
	at org.openqa.selenium.remote.http.JsonHttpResponseCodec.reconstructValue(JsonHttpResponseCodec.java:40)
	at org.openqa.selenium.remote.http.AbstractHttpResponseCodec.decode(AbstractHttpResponseCodec.java:80)
	at org.openqa.selenium.remote.http.AbstractHttpResponseCodec.decode(AbstractHttpResponseCodec.java:44)
	at org.openqa.selenium.remote.HttpCommandExecutor.execute(HttpCommandExecutor.java:158)
	at org.openqa.selenium.remote.service.DriverCommandExecutor.execute(DriverCommandExecutor.java:83)
	at org.openqa.selenium.remote.RemoteWebDriver.execute(RemoteWebDriver.java:552)
	at org.openqa.selenium.remote.RemoteWebElement.execute(RemoteWebElement.java:285)
	at org.openqa.selenium.remote.RemoteWebElement.click(RemoteWebElement.java:84)
	at Elements.Popbitch_Finish_Notice_elements.Verify_finish_notice_appears(Popbitch_Finish_Notice_elements.java:92)
	at Stepdef.Stamford_Register.i_am_registered_as_an_agate_user_on_stamford_successfully_and_I_am_shown_a_first_use_notice(Stamford_Register.java:153)
... Removed 29 stack frames</div></td></tr></table><p class="totop"><a href="#summary">back to summary</a></p>
<h3 id="m2">Stepdef.Stamford_transaction#cornwall_wallet_balance_remains_and_is_uneffected_by_stamford</h3><table class="result"><tr><th>Exception</th></tr><tr><td><div class="stacktrace">java.lang.AssertionError: expected:&lt;9.4&gt; but was:&lt;10.0&gt;
	at Stepdef.Stamford_transaction.cornwall_wallet_balance_remains_and_is_uneffected_by_stamford(Stamford_transaction.java:301)
... Removed 29 stack frames</div></td></tr></table><p class="totop"><a href="#summary">back to summary</a></p>
<h3 id="m3">Stepdef.Stamford_transaction#cricketer_wallet_balance_remains_and_is_uneffected_by_stamford</h3><table class="result"><tr><th>Exception</th></tr><tr><td><div class="stacktrace">java.lang.AssertionError: expected:&lt;9.4&gt; but was:&lt;10.0&gt;
	at Stepdef.Stamford_transaction.cricketer_wallet_balance_remains_and_is_uneffected_by_stamford(Stamford_transaction.java:261)
... Removed 29 stack frames</div></td></tr></table><p class="totop"><a href="#summary">back to summary</a></p>
<h3 id="m4">Stepdef.Stamford_transaction#i_read_a_premium_article_on_stamford</h3><table class="result"><tr><th>Exception</th></tr><tr><td><div class="stacktrace">java.lang.AssertionError: expected:&lt;0.2&gt; but was:&lt;-0.4&gt;
	at Stepdef.Stamford_transaction.i_read_a_premium_article_on_stamford(Stamford_transaction.java:140)
... Removed 29 stack frames</div></td></tr></table><p class="totop"><a href="#summary">back to summary</a></p>
<h3 id="m5">Stepdef.Stamford_transaction#reaction_wallet_balance_is_updated_and_free_point_remains_uneffected_same_as_stamford</h3><table class="result"><tr><th>Exception</th></tr><tr><td><div class="stacktrace">java.lang.AssertionError: expected:&lt;9.4&gt; but was:&lt;10.0&gt;
	at Stepdef.Stamford_transaction.reaction_wallet_balance_is_updated_and_free_point_remains_uneffected_same_as_stamford(Stamford_transaction.java:220)
... Removed 29 stack frames</div></td></tr></table><p class="totop"><a href="#summary">back to summary</a></p>
<h3 id="m6">Stepdef.Stamford_transaction#slough_wallet_balance_remains_and_is_uneffected_by_stamford</h3><table class="result"><tr><th>Exception</th></tr><tr><td><div class="stacktrace">java.lang.AssertionError: expected:&lt;9.4&gt; but was:&lt;10.0&gt;
	at Stepdef.Stamford_transaction.slough_wallet_balance_remains_and_is_uneffected_by_stamford(Stamford_transaction.java:341)
... Removed 29 stack frames</div></td></tr></table><p class="totop"><a href="#summary">back to summary</a></p>
<h3 id="m7">Stepdef.Stamford_transaction#the_popbitch_wallet_balance_is_updated_same_as_stamford_and_free_point_remains_uneffected</h3><table class="result"><tr><th>Exception</th></tr><tr><td><div class="stacktrace">java.lang.AssertionError: expected:&lt;9.4&gt; but was:&lt;10.0&gt;
	at Stepdef.Stamford_transaction.the_popbitch_wallet_balance_is_updated_same_as_stamford_and_free_point_remains_uneffected(Stamford_transaction.java:180)
... Removed 29 stack frames</div></td></tr></table><p class="totop"><a href="#summary">back to summary</a></p>
<h3 id="m8">Stepdef.Stamford_transaction#windsor_wallet_balance_remains_and_is_uneffected_by_stamford</h3><table class="result"><tr><th>Exception</th></tr><tr><td><div class="stacktrace">java.lang.AssertionError: expected:&lt;9.4&gt; but was:&lt;10.0&gt;
	at Stepdef.Stamford_transaction.windsor_wallet_balance_remains_and_is_uneffected_by_stamford(Stamford_transaction.java:381)
... Removed 29 stack frames</div></td></tr></table><p class="totop"><a href="#summary">back to summary</a></p>
<h3 id="m9">Stepdef.Stamford_Login#entering_the_correct_email_and_password_logs_me_in_to_stamford</h3><table class="result"><tr><th class="invisible"/></tr></table><p class="totop"><a href="#summary">back to summary</a></p>
<h3 id="m10">Stepdef.Stamford_Login#i_am_a_registered_user_of_stamford_and_I_open_a_browser</h3><table class="result"><tr class="param"><th>Parameter #1</th></tr><tr class="param stripe"><td>Chrome</td></tr></table><p class="totop"><a href="#summary">back to summary</a></p>
<h3 id="m11">Stepdef.Stamford_Login#i_click_on_Login_from_stamford_First_use_notice</h3><table class="result"><tr><th class="invisible"/></tr></table><p class="totop"><a href="#summary">back to summary</a></p>
<h3 id="m12">Stepdef.Stamford_Login#i_navigate_to_a_premium_article_on_stamford</h3><table class="result"><tr><th class="invisible"/></tr></table><p class="totop"><a href="#summary">back to summary</a></p>
<h3 id="m13">Stepdef.Stamford_Login#i_verify_that_the_Login_Button_Navigates_me_to_the_login_page_to_log_me_in_to_stamford</h3><table class="result"><tr><th class="invisible"/></tr></table><p class="totop"><a href="#summary">back to summary</a></p>
<h3 id="m14">Stepdef.Stamford_Register#i_am_not_a_user_of_agate_on_stamford_and_I_open_a_browser</h3><table class="result"><tr class="param"><th>Parameter #1</th></tr><tr class="param stripe"><td>Chrome</td></tr></table><p class="totop"><a href="#summary">back to summary</a></p>
<h3 id="m15">Stepdef.Stamford_Register#i_click_on_the_create_wallet_button_on_stamford</h3><table class="result"><tr><th class="invisible"/></tr></table><p class="totop"><a href="#summary">back to summary</a></p>
<h3 id="m16">Stepdef.Stamford_Register#i_enter_all_the_details_successfully_on_reg_page_of_stamford</h3><table class="result"><tr><th class="invisible"/></tr></table><p class="totop"><a href="#summary">back to summary</a></p>
<h3 id="m17">Stepdef.Stamford_Register#i_navigate_to_a_premium_article_on_stamford</h3><table class="result"><tr><th class="invisible"/></tr></table><p class="totop"><a href="#summary">back to summary</a></p>
<h3 id="m18">Stepdef.Stamford_Register#i_verify_that_the_create_wallet_button_takes_me_to_the_reg_page_on_stamford</h3><table class="result"><tr><th class="invisible"/></tr></table><p class="totop"><a href="#summary">back to summary</a></p>
<h3 id="m19">Stepdef.Stamford_transaction#i_am_a_registered_Agate_User_and_I_login_in_to_stamford</h3><table class="result"><tr class="param"><th>Parameter #1</th></tr><tr class="param stripe"><td>Chrome</td></tr></table><p class="totop"><a href="#summary">back to summary</a></p>
</body>
</html>
