<?xml version="1.0" encoding="UTF-8"?>
<!-- Generated by org.testng.reporters.JUnitReportReporter -->
<testsuite skipped="0" hostname="Jayarees-MacBook-Pro.local" name="Stepdef.Register_From_Popbitch_First_Use_Notice" tests="6" failures="1" timestamp="02 Nov 2018 12:16:07 GMT" time="15.855" errors="1">
  <testcase name="i_am_a_registered_user_I_open_the_browser_safari" time="1.274" classname="Stepdef.Register_From_Popbitch_First_Use_Notice"/>
  <testcase name="i_navigate_to_popbitch_com_live" time="1.597" classname="Stepdef.Register_From_Popbitch_First_Use_Notice"/>
  <testcase name="i_click_on_the_Stories_Menu_live" time="7.689" classname="Stepdef.Register_From_Popbitch_First_Use_Notice"/>
  <testcase name="i_click_on_the_Premium_Story_live" time="4.227" classname="Stepdef.Register_From_Popbitch_First_Use_Notice"/>
  <testcase name="i_Click_on_Create_a_wallet_to_Agate_from_the_Pop_Bitch_First_use_notice" time="1.063" classname="Stepdef.Register_From_Popbitch_First_Use_Notice">
    <error type="org.openqa.selenium.NoSuchElementException" message="
For documentation on this error, please visit: http://seleniumhq.org/exceptions/no_such_element.html
Build info: version: &#039;3.14.0&#039;, revision: &#039;aacccce0&#039;, time: &#039;2018-08-02T20:05:20.749Z&#039;
System info: host: &#039;Jayarees-MacBook-Pro.local&#039;, ip: &#039;fe80:0:0:0:1c40:a74d:9f2:23c%en0&#039;, os.name: &#039;Mac OS X&#039;, os.arch: &#039;x86_64&#039;, os.version: &#039;10.14&#039;, java.version: &#039;1.8.0_191&#039;
Driver info: org.openqa.selenium.safari.SafariDriver
Capabilities {acceptInsecureCerts: false, browserName: Safari, browserVersion: 12.0, javascriptEnabled: true, platform: MAC, platformName: MAC, setWindowRect: true}
Session ID: E240D3C7-3416-452E-BEA5-BB1E820CB8E1
*** Element info: {Using=link text, value=Create Your Agate Wallet}">
      <![CDATA[org.openqa.selenium.NoSuchElementException: 
For documentation on this error, please visit: http://seleniumhq.org/exceptions/no_such_element.html
Build info: version: '3.14.0', revision: 'aacccce0', time: '2018-08-02T20:05:20.749Z'
System info: host: 'Jayarees-MacBook-Pro.local', ip: 'fe80:0:0:0:1c40:a74d:9f2:23c%en0', os.name: 'Mac OS X', os.arch: 'x86_64', os.version: '10.14', java.version: '1.8.0_191'
Driver info: org.openqa.selenium.safari.SafariDriver
Capabilities {acceptInsecureCerts: false, browserName: Safari, browserVersion: 12.0, javascriptEnabled: true, platform: MAC, platformName: MAC, setWindowRect: true}
Session ID: E240D3C7-3416-452E-BEA5-BB1E820CB8E1
*** Element info: {Using=link text, value=Create Your Agate Wallet}
at sun.reflect.NativeConstructorAccessorImpl.newInstance0(Native Method)
at sun.reflect.NativeConstructorAccessorImpl.newInstance(NativeConstructorAccessorImpl.java:62)
at sun.reflect.DelegatingConstructorAccessorImpl.newInstance(DelegatingConstructorAccessorImpl.java:45)
at java.lang.reflect.Constructor.newInstance(Constructor.java:423)
at org.openqa.selenium.remote.http.W3CHttpResponseCodec.createException(W3CHttpResponseCodec.java:187)
at org.openqa.selenium.remote.http.W3CHttpResponseCodec.decode(W3CHttpResponseCodec.java:122)
at org.openqa.selenium.remote.http.W3CHttpResponseCodec.decode(W3CHttpResponseCodec.java:49)
at org.openqa.selenium.remote.HttpCommandExecutor.execute(HttpCommandExecutor.java:158)
at org.openqa.selenium.remote.service.DriverCommandExecutor.execute(DriverCommandExecutor.java:83)
at org.openqa.selenium.remote.RemoteWebDriver.execute(RemoteWebDriver.java:548)
at org.openqa.selenium.remote.RemoteWebDriver.findElement(RemoteWebDriver.java:322)
at org.openqa.selenium.remote.RemoteWebDriver.findElementByLinkText(RemoteWebDriver.java:376)
at org.openqa.selenium.By$ByLinkText.findElement(By.java:220)
at org.openqa.selenium.remote.RemoteWebDriver.findElement(RemoteWebDriver.java:314)
at Elements.PopbitchFirstUseNoticeElements.Click_On_Popbitch_First_Use_Notice_Create_Wallet(PopbitchFirstUseNoticeElements.java:52)
at Stepdef.Register_From_Popbitch_First_Use_Notice.i_Click_on_Create_a_wallet_to_Agate_from_the_Pop_Bitch_First_use_notice(Register_From_Popbitch_First_Use_Notice.java:55)
at sun.reflect.NativeMethodAccessorImpl.invoke0(Native Method)
at sun.reflect.NativeMethodAccessorImpl.invoke(NativeMethodAccessorImpl.java:62)
at sun.reflect.DelegatingMethodAccessorImpl.invoke(DelegatingMethodAccessorImpl.java:43)
at java.lang.reflect.Method.invoke(Method.java:498)
at org.testng.internal.MethodInvocationHelper.invokeMethod(MethodInvocationHelper.java:124)
at org.testng.internal.Invoker.invokeMethod(Invoker.java:583)
at org.testng.internal.Invoker.invokeTestMethod(Invoker.java:719)
at org.testng.internal.Invoker.invokeTestMethods(Invoker.java:989)
at org.testng.internal.TestMethodWorker.invokeTestMethods(TestMethodWorker.java:125)
at org.testng.internal.TestMethodWorker.run(TestMethodWorker.java:109)
at org.testng.TestRunner.privateRun(TestRunner.java:648)
at org.testng.TestRunner.run(TestRunner.java:505)
at org.testng.SuiteRunner.runTest(SuiteRunner.java:455)
at org.testng.SuiteRunner.runSequentially(SuiteRunner.java:450)
at org.testng.SuiteRunner.privateRun(SuiteRunner.java:415)
at org.testng.SuiteRunner.run(SuiteRunner.java:364)
at org.testng.SuiteRunnerWorker.runSuite(SuiteRunnerWorker.java:52)
at org.testng.SuiteRunnerWorker.run(SuiteRunnerWorker.java:84)
at org.testng.TestNG.runSuitesSequentially(TestNG.java:1208)
at org.testng.TestNG.runSuitesLocally(TestNG.java:1137)
at org.testng.TestNG.runSuites(TestNG.java:1049)
at org.testng.TestNG.run(TestNG.java:1017)
at org.testng.remote.AbstractRemoteTestNG.run(AbstractRemoteTestNG.java:114)
at org.testng.remote.RemoteTestNG.initAndRun(RemoteTestNG.java:251)
at org.testng.remote.RemoteTestNG.main(RemoteTestNG.java:77)
]]>
    </error>
  </testcase> <!-- i_Click_on_Create_a_wallet_to_Agate_from_the_Pop_Bitch_First_use_notice -->
  <testcase name="i_verify_that_the_Create_a_wallet_takes_me_to_the_Sign_up_page" time="0.005" classname="Stepdef.Register_From_Popbitch_First_Use_Notice">
    <failure type="java.lang.AssertionError" message="expected:&lt;https://popbitch.com/2018/10/ii-defective-inspector/&gt; but was:&lt;https://wallet-notices.agate.io/my-agate/sign-up?mp=1669be4146525b-036958280f6afa-3f616c4d-13c680-1669be414667f6&amp;pub_id=popbitch&amp;publication_name=Popbitch&amp;url_from=https%3A%2F%2Fpopbitch.com%2F2018%2F10%2Fii-defective-inspector%2F&amp;variant=undefined&gt;">
      <![CDATA[java.lang.AssertionError: expected:<https://popbitch.com/2018/10/ii-defective-inspector/> but was:<https://wallet-notices.agate.io/my-agate/sign-up?mp=1669be4146525b-036958280f6afa-3f616c4d-13c680-1669be414667f6&pub_id=popbitch&publication_name=Popbitch&url_from=https%3A%2F%2Fpopbitch.com%2F2018%2F10%2Fii-defective-inspector%2F&variant=undefined>
at org.testng.AssertJUnit.assertEquals(AssertJUnit.java:101)
at org.testng.AssertJUnit.assertEquals(AssertJUnit.java:108)
at Stepdef.Register_From_Popbitch_First_Use_Notice.i_verify_that_the_Create_a_wallet_takes_me_to_the_Sign_up_page(Register_From_Popbitch_First_Use_Notice.java:65)
at sun.reflect.NativeMethodAccessorImpl.invoke0(Native Method)
at sun.reflect.NativeMethodAccessorImpl.invoke(NativeMethodAccessorImpl.java:62)
at sun.reflect.DelegatingMethodAccessorImpl.invoke(DelegatingMethodAccessorImpl.java:43)
at java.lang.reflect.Method.invoke(Method.java:498)
at org.testng.internal.MethodInvocationHelper.invokeMethod(MethodInvocationHelper.java:124)
at org.testng.internal.Invoker.invokeMethod(Invoker.java:583)
at org.testng.internal.Invoker.invokeTestMethod(Invoker.java:719)
at org.testng.internal.Invoker.invokeTestMethods(Invoker.java:989)
at org.testng.internal.TestMethodWorker.invokeTestMethods(TestMethodWorker.java:125)
at org.testng.internal.TestMethodWorker.run(TestMethodWorker.java:109)
at org.testng.TestRunner.privateRun(TestRunner.java:648)
at org.testng.TestRunner.run(TestRunner.java:505)
at org.testng.SuiteRunner.runTest(SuiteRunner.java:455)
at org.testng.SuiteRunner.runSequentially(SuiteRunner.java:450)
at org.testng.SuiteRunner.privateRun(SuiteRunner.java:415)
at org.testng.SuiteRunner.run(SuiteRunner.java:364)
at org.testng.SuiteRunnerWorker.runSuite(SuiteRunnerWorker.java:52)
at org.testng.SuiteRunnerWorker.run(SuiteRunnerWorker.java:84)
at org.testng.TestNG.runSuitesSequentially(TestNG.java:1208)
at org.testng.TestNG.runSuitesLocally(TestNG.java:1137)
at org.testng.TestNG.runSuites(TestNG.java:1049)
at org.testng.TestNG.run(TestNG.java:1017)
at org.testng.remote.AbstractRemoteTestNG.run(AbstractRemoteTestNG.java:114)
at org.testng.remote.RemoteTestNG.initAndRun(RemoteTestNG.java:251)
at org.testng.remote.RemoteTestNG.main(RemoteTestNG.java:77)
]]>
    </failure>
  </testcase> <!-- i_verify_that_the_Create_a_wallet_takes_me_to_the_Sign_up_page -->
</testsuite> <!-- Stepdef.Register_From_Popbitch_First_Use_Notice -->
