<?xml version="1.0" encoding="UTF-8"?>
<!-- Generated by org.testng.reporters.JUnitXMLReporter -->
<testsuite hostname="Jayarees-MacBook-Pro.local" ignored="0" name="Reaction" tests="18" failures="3" timestamp="12 Aug 2019 09:59:34 GMT" time="493.142" errors="0">
  <testcase name="i_am_not_a_user_of_agate_on_reaction_and_I_open_a_browser" time="1.4" classname="Stepdef.Reaction_register_first_use_notice"/>
  <testcase name="i_navigate_to_a_premium_article_on_reaction" time="13.178" classname="Stepdef.Reaction_register_first_use_notice"/>
  <testcase name="i_click_on_the_create_wallet_button_of_reaction_first_use_notice" time="51.638" classname="Stepdef.Reaction_register_first_use_notice"/>
  <testcase name="i_verify_that_the_create_wallet_button_on_reaction_first_use_notice_takes_me_to_the_reg_page" time="22.041" classname="Stepdef.Reaction_register_first_use_notice"/>
  <testcase name="i_enter_all_the_details_successfully_on_the_reg_page" time="52.372" classname="Stepdef.Reaction_register_first_use_notice"/>
  <testcase name="i_am_registered_as_an_agate_user_on_reaction_successfully_and_I_am_shown_a_first_use_notice" time="73.057" classname="Stepdef.Reaction_register_first_use_notice"/>
  <testcase name="i_am_a_registered_user_of_reaction_and_I_open_a_browser" time="1.031" classname="Stepdef.Reaction_Login_first_use_notice"/>
  <testcase name="i_navigate_to_a_premium_article_on_reaction_life" time="15.706" classname="Stepdef.Reaction_Login_first_use_notice"/>
  <testcase name="i_click_on_Login_from_reaction_First_use_notice" time="33.127" classname="Stepdef.Reaction_Login_first_use_notice"/>
  <testcase name="i_verify_that_the_Login_Button_Navigates_me_to_the_login_page_to_log_me_in_to_reaction" time="10.421" classname="Stepdef.Reaction_Login_first_use_notice"/>
  <testcase name="entering_the_correct_email_and_password_logs_me_in_to_reaction" time="8.259" classname="Stepdef.Reaction_Login_first_use_notice"/>
  <testcase name="verify_that_I_am_being_navigated_to_the_same_article" time="41.125" classname="Stepdef.Reaction_Login_first_use_notice"/>
  <testcase name="i_am_a_registered_Agate_User_and_I_login_in_to_Reaction" time="66.081" classname="Stepdef.Reaction_Transaction"/>
  <testcase name="i_read_a_premium_article_on_reaction" time="29.805" classname="Stepdef.Reaction_Transaction"/>
  <testcase name="the_wallet_balance_and_free_point_are_deducted_by_x_amount_on_reaction_wallet" time="41.813" classname="Stepdef.Reaction_Transaction"/>
  <testcase name="the_popbitch_wallet_balance_is_updated_same_as_reaction_and_free_point_remains_uneffected" time="10.315" classname="Stepdef.Reaction_Transaction">
    <failure type="java.lang.AssertionError" message="expected:&amp;lt;0.8&amp;gt; but was:&amp;lt;0.55&amp;gt;">
      <![CDATA[java.lang.AssertionError: expected:<0.8> but was:<0.55>
at Stepdef.Reaction_Transaction.the_popbitch_wallet_balance_is_updated_same_as_reaction_and_free_point_remains_uneffected(Reaction_Transaction.java:252)
... Removed 29 stack frames]]>
    </failure>
  </testcase> <!-- the_popbitch_wallet_balance_is_updated_same_as_reaction_and_free_point_remains_uneffected -->
  <testcase name="cricketer_wallet_balance_is_updated_and_free_point_remains_uneffected" time="11.665" classname="Stepdef.Reaction_Transaction">
    <failure type="java.lang.AssertionError" message="expected:&amp;lt;0.8&amp;gt; but was:&amp;lt;0.3&amp;gt;">
      <![CDATA[java.lang.AssertionError: expected:<0.8> but was:<0.3>
at Stepdef.Reaction_Transaction.cricketer_wallet_balance_is_updated_and_free_point_remains_uneffected(Reaction_Transaction.java:316)
... Removed 29 stack frames]]>
    </failure>
  </testcase> <!-- cricketer_wallet_balance_is_updated_and_free_point_remains_uneffected -->
  <testcase name="Cornwall_wallet_balance_remains_and_is_uneffected" time="10.057" classname="Stepdef.Reaction_Transaction">
    <failure type="java.lang.AssertionError" message="expected:&amp;lt;0.8&amp;gt; but was:&amp;lt;0.1&amp;gt;">
      <![CDATA[java.lang.AssertionError: expected:<0.8> but was:<0.1>
at Stepdef.Reaction_Transaction.Cornwall_wallet_balance_remains_and_is_uneffected(Reaction_Transaction.java:381)
... Removed 29 stack frames]]>
    </failure>
  </testcase> <!-- Cornwall_wallet_balance_remains_and_is_uneffected -->
</testsuite> <!-- Reaction -->
