<?xml version="1.0" encoding="UTF-8"?>
<!-- Generated by org.testng.reporters.JUnitXMLReporter -->
<testsuite hostname="Jayarees-MacBook-Pro.local" ignored="0" name="firefox" tests="30" failures="23" timestamp="06 Dec 2018 15:58:21 GMT" time="44.159" errors="0">
  <testcase name="i_am_not_a_user_of_Agate_I_open_a_browser" time="0.204" classname="Stepdef.Register_From_Popbitch_Firstuse_Notice">
    <failure type="java.lang.IllegalStateException" message="The path to the driver executable must be set by the webdriver.gecko.driver system property; for more information, see https://github.com/mozilla/geckodriver. The latest version can be downloaded from https://github.com/mozilla/geckodriver/releases">
      <![CDATA[java.lang.IllegalStateException: The path to the driver executable must be set by the webdriver.gecko.driver system property; for more information, see https://github.com/mozilla/geckodriver. The latest version can be downloaded from https://github.com/mozilla/geckodriver/releases
at com.google.common.base.Preconditions.checkState(Preconditions.java:847)
at org.openqa.selenium.remote.service.DriverService.findExecutable(DriverService.java:125)
at org.openqa.selenium.firefox.GeckoDriverService.access$100(GeckoDriverService.java:43)
at org.openqa.selenium.firefox.GeckoDriverService$Builder.findDefaultExecutable(GeckoDriverService.java:168)
at org.openqa.selenium.remote.service.DriverService$Builder.build(DriverService.java:346)
at org.openqa.selenium.firefox.FirefoxDriver.toExecutor(FirefoxDriver.java:168)
at org.openqa.selenium.firefox.FirefoxDriver.<init>(FirefoxDriver.java:125)
at org.openqa.selenium.firefox.FirefoxDriver.<init>(FirefoxDriver.java:103)
at Stepdef.Register_From_Popbitch_Firstuse_Notice.i_am_not_a_user_of_Agate_I_open_a_browser(Register_From_Popbitch_Firstuse_Notice.java:31)
... Removed 25 stack frames]]>
    </failure>
  </testcase> <!-- i_am_not_a_user_of_Agate_I_open_a_browser -->
  <testcase name="i_navigate_to_popbitch_com_from_the_browser" time="0.001" classname="Stepdef.Register_From_Popbitch_Firstuse_Notice">
    <failure type="java.lang.NullPointerException">
      <![CDATA[java.lang.NullPointerException
at Stepdef.Register_From_Popbitch_Firstuse_Notice.i_navigate_to_popbitch_com_from_the_browser(Register_From_Popbitch_Firstuse_Notice.java:47)
... Removed 25 stack frames]]>
    </failure>
  </testcase> <!-- i_navigate_to_popbitch_com_from_the_browser -->
  <testcase name="i_click_on_the_stories_menu_on_from_the_homepage" time="2.007" classname="Stepdef.Register_From_Popbitch_Firstuse_Notice">
    <failure type="java.lang.NullPointerException">
      <![CDATA[java.lang.NullPointerException
at Elements.PopbitchFirstUseNoticeElements.Click_On_Popbitch_Stories_Menu(PopbitchFirstUseNoticeElements.java:47)
at Stepdef.Register_From_Popbitch_Firstuse_Notice.i_click_on_the_stories_menu_on_from_the_homepage(Register_From_Popbitch_Firstuse_Notice.java:57)
... Removed 25 stack frames]]>
    </failure>
  </testcase> <!-- i_click_on_the_stories_menu_on_from_the_homepage -->
  <testcase name="i_click_on_any_of_the_premium_articles" time="4.005" classname="Stepdef.Register_From_Popbitch_Firstuse_Notice">
    <failure type="java.lang.NullPointerException">
      <![CDATA[java.lang.NullPointerException
at Elements.PopbitchFirstUseNoticeElements.Click_On_Popbitch_Premium_Story(PopbitchFirstUseNoticeElements.java:52)
at Stepdef.Register_From_Popbitch_Firstuse_Notice.i_click_on_any_of_the_premium_articles(Register_From_Popbitch_Firstuse_Notice.java:66)
... Removed 25 stack frames]]>
    </failure>
  </testcase> <!-- i_click_on_any_of_the_premium_articles -->
  <testcase name="i_click_on_the_create_agate_wallet_from_the_first_use_notice" time="1.001" classname="Stepdef.Register_From_Popbitch_Firstuse_Notice">
    <failure type="java.lang.NullPointerException">
      <![CDATA[java.lang.NullPointerException
at Elements.PopbitchFirstUseNoticeElements.Click_On_Popbitch_First_Use_Notice_Create_Wallet(PopbitchFirstUseNoticeElements.java:61)
at Stepdef.Register_From_Popbitch_Firstuse_Notice.i_click_on_the_create_agate_wallet_from_the_first_use_notice(Register_From_Popbitch_Firstuse_Notice.java:76)
... Removed 25 stack frames]]>
    </failure>
  </testcase> <!-- i_click_on_the_create_agate_wallet_from_the_first_use_notice -->
  <testcase name="i_verify_that_the_create_wallet_button_navigates_me_to_the_sign_up_page" time="1.001" classname="Stepdef.Register_From_Popbitch_Firstuse_Notice">
    <failure type="java.lang.NullPointerException">
      <![CDATA[java.lang.NullPointerException
at Stepdef.Register_From_Popbitch_Firstuse_Notice.i_verify_that_the_create_wallet_button_navigates_me_to_the_sign_up_page(Register_From_Popbitch_Firstuse_Notice.java:84)
... Removed 25 stack frames]]>
    </failure>
  </testcase> <!-- i_verify_that_the_create_wallet_button_navigates_me_to_the_sign_up_page -->
  <testcase name="i_enter_the_correct_details_and_hit_the_Register_button" time="1.005" classname="Stepdef.Register_From_Popbitch_Firstuse_Notice">
    <failure type="java.lang.NullPointerException">
      <![CDATA[java.lang.NullPointerException
at Elements.Register_Page_Elements.Registration_Process(Register_Page_Elements.java:71)
at Stepdef.Register_From_Popbitch_Firstuse_Notice.i_enter_the_correct_details_and_hit_the_Register_button(Register_From_Popbitch_Firstuse_Notice.java:104)
... Removed 25 stack frames]]>
    </failure>
  </testcase> <!-- i_enter_the_correct_details_and_hit_the_Register_button -->
  <testcase name="i_login_successfully" time="20.001" classname="Stepdef.Register_From_Popbitch_Firstuse_Notice">
    <failure type="java.lang.NullPointerException">
      <![CDATA[java.lang.NullPointerException
at Stepdef.Register_From_Popbitch_Firstuse_Notice.i_login_successfully(Register_From_Popbitch_Firstuse_Notice.java:115)
... Removed 25 stack frames]]>
    </failure>
  </testcase> <!-- i_login_successfully -->
  <testcase name="finish_Notice_appears" time="0.001" classname="Stepdef.Register_From_Popbitch_Firstuse_Notice">
    <failure type="java.lang.NullPointerException">
      <![CDATA[java.lang.NullPointerException
at Stepdef.Register_From_Popbitch_Firstuse_Notice.finish_Notice_appears(Register_From_Popbitch_Firstuse_Notice.java:124)
... Removed 25 stack frames]]>
    </failure>
  </testcase> <!-- finish_Notice_appears -->
  <testcase name="finish_notice_elements_are_displayed" time="0.002" classname="Stepdef.Register_From_Popbitch_Firstuse_Notice">
    <failure type="java.lang.NullPointerException">
      <![CDATA[java.lang.NullPointerException
at Elements.Popbitch_Finish_Notice_elements.popbitch_finish_notice_elements_displayed(Popbitch_Finish_Notice_elements.java:27)
at Stepdef.Register_From_Popbitch_Firstuse_Notice.finish_notice_elements_are_displayed(Register_From_Popbitch_Firstuse_Notice.java:136)
... Removed 25 stack frames]]>
    </failure>
  </testcase> <!-- finish_notice_elements_are_displayed -->
  <testcase name="i_am_a_registered_user_I_open_the_browser" time="0.002" classname="Stepdef.Login_From_PopBitch_Frist_Use_Notice">
    <failure type="java.lang.IllegalStateException" message="The path to the driver executable must be set by the webdriver.gecko.driver system property; for more information, see https://github.com/mozilla/geckodriver. The latest version can be downloaded from https://github.com/mozilla/geckodriver/releases">
      <![CDATA[java.lang.IllegalStateException: The path to the driver executable must be set by the webdriver.gecko.driver system property; for more information, see https://github.com/mozilla/geckodriver. The latest version can be downloaded from https://github.com/mozilla/geckodriver/releases
at com.google.common.base.Preconditions.checkState(Preconditions.java:847)
at org.openqa.selenium.remote.service.DriverService.findExecutable(DriverService.java:125)
at org.openqa.selenium.firefox.GeckoDriverService.access$100(GeckoDriverService.java:43)
at org.openqa.selenium.firefox.GeckoDriverService$Builder.findDefaultExecutable(GeckoDriverService.java:168)
at org.openqa.selenium.remote.service.DriverService$Builder.build(DriverService.java:346)
at org.openqa.selenium.firefox.FirefoxDriver.toExecutor(FirefoxDriver.java:168)
at org.openqa.selenium.firefox.FirefoxDriver.<init>(FirefoxDriver.java:125)
at org.openqa.selenium.firefox.FirefoxDriver.<init>(FirefoxDriver.java:103)
at Stepdef.Login_From_PopBitch_Frist_Use_Notice.i_am_a_registered_user_I_open_the_browser(Login_From_PopBitch_Frist_Use_Notice.java:39)
... Removed 25 stack frames]]>
    </failure>
  </testcase> <!-- i_am_a_registered_user_I_open_the_browser -->
  <testcase name="i_navigate_to_popbitch_com" time="0.001" classname="Stepdef.Login_From_PopBitch_Frist_Use_Notice">
    <failure type="java.lang.NullPointerException">
      <![CDATA[java.lang.NullPointerException
at Stepdef.Login_From_PopBitch_Frist_Use_Notice.i_navigate_to_popbitch_com(Login_From_PopBitch_Frist_Use_Notice.java:61)
... Removed 25 stack frames]]>
    </failure>
  </testcase> <!-- i_navigate_to_popbitch_com -->
  <testcase name="i_click_on_the_Stories_Menu" time="3.809" classname="Stepdef.Login_From_PopBitch_Frist_Use_Notice">
    <failure type="java.lang.NullPointerException">
      <![CDATA[java.lang.NullPointerException
at Elements.PopbitchFirstUseNoticeElements.Click_On_Popbitch_Stories_Menu(PopbitchFirstUseNoticeElements.java:47)
at Stepdef.Login_From_PopBitch_Frist_Use_Notice.i_click_on_the_Stories_Menu(Login_From_PopBitch_Frist_Use_Notice.java:71)
... Removed 25 stack frames]]>
    </failure>
  </testcase> <!-- i_click_on_the_Stories_Menu -->
  <testcase name="i_click_on_the_Premium_Story" time="3.003" classname="Stepdef.Login_From_PopBitch_Frist_Use_Notice">
    <failure type="java.lang.NullPointerException">
      <![CDATA[java.lang.NullPointerException
at Elements.PopbitchFirstUseNoticeElements.Click_On_Popbitch_Premium_Story(PopbitchFirstUseNoticeElements.java:52)
at Stepdef.Login_From_PopBitch_Frist_Use_Notice.i_click_on_the_Premium_Story(Login_From_PopBitch_Frist_Use_Notice.java:80)
... Removed 25 stack frames]]>
    </failure>
  </testcase> <!-- i_click_on_the_Premium_Story -->
  <testcase name="i_Click_on_Login_to_Agate_from_the_Pop_Bitch_First_use_notice" time="3.004" classname="Stepdef.Login_From_PopBitch_Frist_Use_Notice">
    <failure type="java.lang.NullPointerException">
      <![CDATA[java.lang.NullPointerException
at Elements.PopbitchFirstUseNoticeElements.Click_On_Popbitch_First_Use_Notice_Login(PopbitchFirstUseNoticeElements.java:57)
at Stepdef.Login_From_PopBitch_Frist_Use_Notice.i_Click_on_Login_to_Agate_from_the_Pop_Bitch_First_use_notice(Login_From_PopBitch_Frist_Use_Notice.java:90)
... Removed 25 stack frames]]>
    </failure>
  </testcase> <!-- i_Click_on_Login_to_Agate_from_the_Pop_Bitch_First_use_notice -->
  <testcase name="i_verify_that_the_Login_Button_Navigates_me_to_the_login_page" time="0.001" classname="Stepdef.Login_From_PopBitch_Frist_Use_Notice">
    <failure type="java.lang.NullPointerException">
      <![CDATA[java.lang.NullPointerException
at Stepdef.Login_From_PopBitch_Frist_Use_Notice.i_verify_that_the_Login_Button_Navigates_me_to_the_login_page(Login_From_PopBitch_Frist_Use_Notice.java:98)
... Removed 25 stack frames]]>
    </failure>
  </testcase> <!-- i_verify_that_the_Login_Button_Navigates_me_to_the_login_page -->
  <testcase name="i_Login_with_correct_Details" time="2.006" classname="Stepdef.Login_From_PopBitch_Frist_Use_Notice">
    <failure type="java.lang.NullPointerException">
      <![CDATA[java.lang.NullPointerException
at Elements.Login_Page_Elements.Login_Process(Login_Page_Elements.java:55)
at Stepdef.Login_From_PopBitch_Frist_Use_Notice.i_Login_with_correct_Details(Login_From_PopBitch_Frist_Use_Notice.java:112)
... Removed 25 stack frames]]>
    </failure>
  </testcase> <!-- i_Login_with_correct_Details -->
  <testcase name="i_verify_that_I_am_navigated_to_the_full_article" time="1.005" classname="Stepdef.Login_From_PopBitch_Frist_Use_Notice">
    <failure type="java.lang.NullPointerException">
      <![CDATA[java.lang.NullPointerException
at Stepdef.Login_From_PopBitch_Frist_Use_Notice.i_verify_that_I_am_navigated_to_the_full_article(Login_From_PopBitch_Frist_Use_Notice.java:121)
... Removed 25 stack frames]]>
    </failure>
  </testcase> <!-- i_verify_that_I_am_navigated_to_the_full_article -->
  <testcase name="i_am_a_user_of_agate" time="0.004" classname="Stepdef.Top_up_from_wallet_staging_popbitch">
    <failure type="java.lang.IllegalStateException" message="The path to the driver executable must be set by the webdriver.gecko.driver system property; for more information, see https://github.com/mozilla/geckodriver. The latest version can be downloaded from https://github.com/mozilla/geckodriver/releases">
      <![CDATA[java.lang.IllegalStateException: The path to the driver executable must be set by the webdriver.gecko.driver system property; for more information, see https://github.com/mozilla/geckodriver. The latest version can be downloaded from https://github.com/mozilla/geckodriver/releases
at com.google.common.base.Preconditions.checkState(Preconditions.java:847)
at org.openqa.selenium.remote.service.DriverService.findExecutable(DriverService.java:125)
at org.openqa.selenium.firefox.GeckoDriverService.access$100(GeckoDriverService.java:43)
at org.openqa.selenium.firefox.GeckoDriverService$Builder.findDefaultExecutable(GeckoDriverService.java:168)
at org.openqa.selenium.remote.service.DriverService$Builder.build(DriverService.java:346)
at org.openqa.selenium.firefox.FirefoxDriver.toExecutor(FirefoxDriver.java:168)
at org.openqa.selenium.firefox.FirefoxDriver.<init>(FirefoxDriver.java:125)
at org.openqa.selenium.firefox.FirefoxDriver.<init>(FirefoxDriver.java:103)
at Stepdef.Top_up_from_wallet_staging_popbitch.i_am_a_user_of_agate(Top_up_from_wallet_staging_popbitch.java:29)
... Removed 25 stack frames]]>
    </failure>
  </testcase> <!-- i_am_a_user_of_agate -->
  <testcase name="i_click_on_topup_from_the_wallet" time="0.001" classname="Stepdef.Top_up_from_wallet_staging_popbitch"/>
  <testcase name="the_wallet_opens_a_saperate_window" time="0.001" classname="Stepdef.Top_up_from_wallet_staging_popbitch"/>
  <testcase name="successfully_top_up_with_the_selected_amount_and_card" time="0.001" classname="Stepdef.Top_up_from_wallet_staging_popbitch"/>
  <testcase name="the_wallet_balance_and_total_balance_are_incremented_by_the_amount_topped_up" time="0.001" classname="Stepdef.Top_up_from_wallet_staging_popbitch"/>
  <testcase name="i_am_a_registered_Agate_User_and_I_login_in_to_popbitch_staging_with_username_as_and_password_as" time="0.001" classname="Stepdef.transaction_staging_popbitch">
    <failure type="java.lang.IllegalStateException" message="The path to the driver executable must be set by the webdriver.gecko.driver system property; for more information, see https://github.com/mozilla/geckodriver. The latest version can be downloaded from https://github.com/mozilla/geckodriver/releases">
      <![CDATA[java.lang.IllegalStateException: The path to the driver executable must be set by the webdriver.gecko.driver system property; for more information, see https://github.com/mozilla/geckodriver. The latest version can be downloaded from https://github.com/mozilla/geckodriver/releases
at com.google.common.base.Preconditions.checkState(Preconditions.java:847)
at org.openqa.selenium.remote.service.DriverService.findExecutable(DriverService.java:125)
at org.openqa.selenium.firefox.GeckoDriverService.access$100(GeckoDriverService.java:43)
at org.openqa.selenium.firefox.GeckoDriverService$Builder.findDefaultExecutable(GeckoDriverService.java:168)
at org.openqa.selenium.remote.service.DriverService$Builder.build(DriverService.java:346)
at org.openqa.selenium.firefox.FirefoxDriver.toExecutor(FirefoxDriver.java:168)
at org.openqa.selenium.firefox.FirefoxDriver.<init>(FirefoxDriver.java:125)
at org.openqa.selenium.firefox.FirefoxDriver.<init>(FirefoxDriver.java:103)
at Stepdef.transaction_staging_popbitch.i_am_a_registered_Agate_User_and_I_login_in_to_popbitch_staging_with_username_as_and_password_as(transaction_staging_popbitch.java:34)
... Removed 25 stack frames]]>
    </failure>
  </testcase> <!-- i_am_a_registered_Agate_User_and_I_login_in_to_popbitch_staging_with_username_as_and_password_as -->
  <testcase name="i_read_a_premium_article" time="2.003" classname="Stepdef.transaction_staging_popbitch">
    <failure type="java.lang.NullPointerException">
      <![CDATA[java.lang.NullPointerException
at Elements.PopbitchFirstUseNoticeElements.click_on_green_tab(PopbitchFirstUseNoticeElements.java:29)
at Stepdef.transaction_staging_popbitch.i_read_a_premium_article(transaction_staging_popbitch.java:71)
... Removed 25 stack frames]]>
    </failure>
  </testcase> <!-- i_read_a_premium_article -->
  <testcase name="the_wallet_balance_and_free_point_are_deducted_by_p" time="0.0" classname="Stepdef.transaction_staging_popbitch">
    <failure type="org.testng.TestNGException" message="
Cannot inject @Test annotated Method [the_wallet_balance_and_free_point_are_deducted_by_p] with [int].
For more information on native dependency injection please refer to http://testng.org/doc/documentation-main.html#native-dependency-injection">
      <![CDATA[org.testng.TestNGException: 
Cannot inject @Test annotated Method [the_wallet_balance_and_free_point_are_deducted_by_p] with [int].
For more information on native dependency injection please refer to http://testng.org/doc/documentation-main.html#native-dependency-injection
... Removed 24 stack frames]]>
    </failure>
  </testcase> <!-- the_wallet_balance_and_free_point_are_deducted_by_p -->
  <testcase name="the_New_European_wallet_balance_is_updated_same_as_popbitch_and_free_point_remains_uneffected" time="0.001" classname="Stepdef.transaction_staging_popbitch">
    <failure type="java.lang.NullPointerException">
      <![CDATA[java.lang.NullPointerException
at Stepdef.transaction_staging_popbitch.the_New_European_wallet_balance_is_updated_same_as_popbitch_and_free_point_remains_uneffected(transaction_staging_popbitch.java:112)
... Removed 25 stack frames]]>
    </failure>
  </testcase> <!-- the_New_European_wallet_balance_is_updated_same_as_popbitch_and_free_point_remains_uneffected -->
  <testcase name="reactions_wallet_balance_is_updated_and_free_point_remains_uneffected" time="0.0" classname="Stepdef.transaction_staging_popbitch"/>
  <testcase name="aoa_wallet_balance_is_updated_and_free_point_remains_uneffected" time="0.001" classname="Stepdef.transaction_staging_popbitch"/>
  <testcase name="cricketer_wallet_balance_remains_and_is_uneffected" time="0.001" classname="Stepdef.transaction_staging_popbitch"/>
</testsuite> <!-- firefox -->
