<?xml version="1.0" encoding="UTF-8"?>
<!-- Generated by org.testng.reporters.JUnitXMLReporter -->
<testsuite hostname="Jayarees-MacBook-Pro.local" ignored="0" name="Smoketests" tests="30" failures="3" timestamp="06 Dec 2018 15:00:09 GMT" time="207.577" errors="0">
  <testcase name="i_am_not_a_user_of_Agate_I_open_a_browser" time="1.553" classname="Stepdef.Register_From_Popbitch_Firstuse_Notice"/>
  <testcase name="i_navigate_to_popbitch_com_from_the_browser" time="2.902" classname="Stepdef.Register_From_Popbitch_Firstuse_Notice"/>
  <testcase name="i_click_on_the_stories_menu_on_from_the_homepage" time="8.024" classname="Stepdef.Register_From_Popbitch_Firstuse_Notice"/>
  <testcase name="i_click_on_any_of_the_premium_articles" time="8.3" classname="Stepdef.Register_From_Popbitch_Firstuse_Notice"/>
  <testcase name="i_click_on_the_create_agate_wallet_from_the_first_use_notice" time="1.081" classname="Stepdef.Register_From_Popbitch_Firstuse_Notice"/>
  <testcase name="i_verify_that_the_create_wallet_button_navigates_me_to_the_sign_up_page" time="1.011" classname="Stepdef.Register_From_Popbitch_Firstuse_Notice">
    <failure type="java.lang.AssertionError">
      <![CDATA[java.lang.AssertionError: 
at Stepdef.Register_From_Popbitch_Firstuse_Notice.i_verify_that_the_create_wallet_button_navigates_me_to_the_sign_up_page(Register_From_Popbitch_Firstuse_Notice.java:74)
... Removed 28 stack frames]]>
    </failure>
  </testcase> <!-- i_verify_that_the_create_wallet_button_navigates_me_to_the_sign_up_page -->
  <testcase name="i_enter_the_correct_details_and_hit_the_Register_button" time="13.582" classname="Stepdef.Register_From_Popbitch_Firstuse_Notice"/>
  <testcase name="i_login_successfully" time="20.017" classname="Stepdef.Register_From_Popbitch_Firstuse_Notice"/>
  <testcase name="finish_Notice_appears" time="0.128" classname="Stepdef.Register_From_Popbitch_Firstuse_Notice"/>
  <testcase name="finish_notice_elements_are_displayed" time="0.093" classname="Stepdef.Register_From_Popbitch_Firstuse_Notice"/>
  <testcase name="i_am_a_registered_user_I_open_the_browser" time="1.091" classname="Stepdef.Login_From_PopBitch_Frist_Use_Notice"/>
  <testcase name="i_navigate_to_popbitch_com" time="1.857" classname="Stepdef.Login_From_PopBitch_Frist_Use_Notice"/>
  <testcase name="i_click_on_the_Stories_Menu" time="12.914" classname="Stepdef.Login_From_PopBitch_Frist_Use_Notice"/>
  <testcase name="i_click_on_the_Premium_Story" time="6.165" classname="Stepdef.Login_From_PopBitch_Frist_Use_Notice"/>
  <testcase name="i_Click_on_Login_to_Agate_from_the_Pop_Bitch_First_use_notice" time="3.435" classname="Stepdef.Login_From_PopBitch_Frist_Use_Notice"/>
  <testcase name="i_verify_that_the_Login_Button_Navigates_me_to_the_login_page" time="0.007" classname="Stepdef.Login_From_PopBitch_Frist_Use_Notice"/>
  <testcase name="i_Login_with_correct_Details" time="2.381" classname="Stepdef.Login_From_PopBitch_Frist_Use_Notice"/>
  <testcase name="i_verify_that_I_am_navigated_to_the_full_article" time="3.697" classname="Stepdef.Login_From_PopBitch_Frist_Use_Notice"/>
  <testcase name="i_am_a_user_of_agate" time="66.479" classname="Stepdef.Top_up_from_wallet_staging_popbitch"/>
  <testcase name="i_click_on_topup_from_the_wallet" time="0.0" classname="Stepdef.Top_up_from_wallet_staging_popbitch"/>
  <testcase name="the_wallet_opens_a_saperate_window" time="0.0" classname="Stepdef.Top_up_from_wallet_staging_popbitch"/>
  <testcase name="successfully_top_up_with_the_selected_amount_and_card" time="0.001" classname="Stepdef.Top_up_from_wallet_staging_popbitch"/>
  <testcase name="the_wallet_balance_and_total_balance_are_incremented_by_the_amount_topped_up" time="0.001" classname="Stepdef.Top_up_from_wallet_staging_popbitch"/>
  <testcase name="i_am_a_registered_Agate_User_and_I_login_in_to_popbitch_staging_with_username_as_and_password_as" time="35.081" classname="Stepdef.transaction_staging_popbitch"/>
  <testcase name="i_read_a_premium_article" time="12.257" classname="Stepdef.transaction_staging_popbitch">
    <failure type="java.lang.NumberFormatException" message="empty String">
      <![CDATA[java.lang.NumberFormatException: empty String
at sun.misc.FloatingDecimal.readJavaFormatString(FloatingDecimal.java:1842)
at sun.misc.FloatingDecimal.parseDouble(FloatingDecimal.java:110)
at java.lang.Double.parseDouble(Double.java:538)
at Stepdef.transaction_staging_popbitch.i_read_a_premium_article(transaction_staging_popbitch.java:73)
... Removed 25 stack frames]]>
    </failure>
  </testcase> <!-- i_read_a_premium_article -->
  <testcase name="the_wallet_balance_and_free_point_are_deducted_by_p" time="0.0" classname="Stepdef.transaction_staging_popbitch">
    <failure type="org.testng.TestNGException" message="
Cannot inject @Test annotated Method [the_wallet_balance_and_free_point_are_deducted_by_p] with [int].
For more information on native dependency injection please refer to http://testng.org/doc/documentation-main.html#native-dependency-injection">
      <![CDATA[org.testng.TestNGException: 
Cannot inject @Test annotated Method [the_wallet_balance_and_free_point_are_deducted_by_p] with [int].
For more information on native dependency injection please refer to http://testng.org/doc/documentation-main.html#native-dependency-injection
... Removed 24 stack frames]]>
    </failure>
  </testcase> <!-- the_wallet_balance_and_free_point_are_deducted_by_p -->
  <testcase name="the_New_European_wallet_balance_is_updated_same_as_popbitch_and_free_point_remains_uneffected" time="5.456" classname="Stepdef.transaction_staging_popbitch"/>
  <testcase name="reactions_wallet_balance_is_updated_and_free_point_remains_uneffected" time="0.0" classname="Stepdef.transaction_staging_popbitch"/>
  <testcase name="aoa_wallet_balance_is_updated_and_free_point_remains_uneffected" time="0.0" classname="Stepdef.transaction_staging_popbitch"/>
  <testcase name="cricketer_wallet_balance_remains_and_is_uneffected" time="0.001" classname="Stepdef.transaction_staging_popbitch"/>
</testsuite> <!-- Smoketests -->
