<html>
<head>
<title>TestNG:  Chrome</title>
<link href="../testng.css" rel="stylesheet" type="text/css" />
<link href="../my-testng.css" rel="stylesheet" type="text/css" />

<style type="text/css">
.log { display: none;} 
.stack-trace { display: none;} 
</style>
<script type="text/javascript">
<!--
function flip(e) {
  current = e.style.display;
  if (current == 'block') {
    e.style.display = 'none';
    return 0;
  }
  else {
    e.style.display = 'block';
    return 1;
  }
}

function toggleBox(szDivId, elem, msg1, msg2)
{
  var res = -1;  if (document.getElementById) {
    res = flip(document.getElementById(szDivId));
  }
  else if (document.all) {
    // this is the way old msie versions work
    res = flip(document.all[szDivId]);
  }
  if(elem) {
    if(res == 0) elem.innerHTML = msg1; else elem.innerHTML = msg2;
  }

}

function toggleAllBoxes() {
  if (document.getElementsByTagName) {
    d = document.getElementsByTagName('div');
    for (i = 0; i < d.length; i++) {
      if (d[i].className == 'log') {
        flip(d[i]);
      }
    }
  }
}

// -->
</script>

</head>
<body>
<h2 align='center'>Chrome</h2><table border='1' align="center">
<tr>
<td>Tests passed/Failed/Skipped:</td><td>18/2/0</td>
</tr><tr>
<td>Started on:</td><td>Mon Sep 09 12:11:59 BST 2019</td>
</tr>
<tr><td>Total time:</td><td>509 seconds (509395 ms)</td>
</tr><tr>
<td>Included groups:</td><td></td>
</tr><tr>
<td>Excluded groups:</td><td></td>
</tr>
</table><p/>
<small><i>(Hover the method name to see the test class name)</i></small><p/>
<table width='100%' border='1' class='invocation-failed'>
<tr><td colspan='4' align='center'><b>FAILED TESTS</b></td></tr>
<tr><td><b>Test method</b></td>
<td width="30%"><b>Exception</b></td>
<td width="10%"><b>Time (seconds)</b></td>
<td><b>Instance</b></td>
</tr>
<tr>
<td title='Stepdef.popbitch_transaction.i_read_a_premium_article()'><b>i_read_a_premium_article</b><br>Test class: Stepdef.popbitch_transaction</td>
<td><div><pre>java.lang.AssertionError: expected:&lt;9.5&gt; but was:&lt;0.5&gt;
	at Stepdef.popbitch_transaction.i_read_a_premium_article(popbitch_transaction.java:127)
... Removed 29 stack frames</pre></div><a href='#' onClick='toggleBox("stack-trace12139181", this, "Click to show all stack frames", "Click to hide stack frames")'>Click to show all stack frames</a>
<div class='stack-trace' id='stack-trace12139181'><pre>java.lang.AssertionError: expected:&lt;9.5&gt; but was:&lt;0.5&gt;
	at org.testng.AssertJUnit.fail(AssertJUnit.java:59)
	at org.testng.AssertJUnit.failNotEquals(AssertJUnit.java:364)
	at org.testng.AssertJUnit.assertEquals(AssertJUnit.java:80)
	at org.testng.AssertJUnit.assertEquals(AssertJUnit.java:88)
	at Stepdef.popbitch_transaction.i_read_a_premium_article(popbitch_transaction.java:127)
	at sun.reflect.NativeMethodAccessorImpl.invoke0(Native Method)
	at sun.reflect.NativeMethodAccessorImpl.invoke(NativeMethodAccessorImpl.java:62)
	at sun.reflect.DelegatingMethodAccessorImpl.invoke(DelegatingMethodAccessorImpl.java:43)
	at java.lang.reflect.Method.invoke(Method.java:498)
	at org.testng.internal.MethodInvocationHelper.invokeMethod(MethodInvocationHelper.java:124)
	at org.testng.internal.Invoker.invokeMethod(Invoker.java:583)
	at org.testng.internal.Invoker.invokeTestMethod(Invoker.java:719)
	at org.testng.internal.Invoker.invokeTestMethods(Invoker.java:989)
	at org.testng.internal.TestMethodWorker.invokeTestMethods(TestMethodWorker.java:125)
	at org.testng.internal.TestMethodWorker.run(TestMethodWorker.java:109)
	at org.testng.TestRunner.privateRun(TestRunner.java:648)
	at org.testng.TestRunner.run(TestRunner.java:505)
	at org.testng.SuiteRunner.runTest(SuiteRunner.java:455)
	at org.testng.SuiteRunner.runSequentially(SuiteRunner.java:450)
	at org.testng.SuiteRunner.privateRun(SuiteRunner.java:415)
	at org.testng.SuiteRunner.run(SuiteRunner.java:364)
	at org.testng.SuiteRunnerWorker.runSuite(SuiteRunnerWorker.java:52)
	at org.testng.SuiteRunnerWorker.run(SuiteRunnerWorker.java:84)
	at org.testng.TestNG.runSuitesSequentially(TestNG.java:1208)
	at org.testng.TestNG.runSuitesLocally(TestNG.java:1137)
	at org.testng.TestNG.runSuites(TestNG.java:1049)
	at org.testng.TestNG.run(TestNG.java:1017)
	at org.testng.remote.AbstractRemoteTestNG.run(AbstractRemoteTestNG.java:114)
	at org.testng.remote.RemoteTestNG.initAndRun(RemoteTestNG.java:251)
	at org.testng.remote.RemoteTestNG.main(RemoteTestNG.java:77)
</pre></div></td>
<td>15</td>
<td>Stepdef.popbitch_transaction@47ef968d</td></tr>
<tr>
<td title='Stepdef.popbitch_transaction.reactions_wallet_balance_is_updated_and_free_point_remains_uneffected()'><b>reactions_wallet_balance_is_updated_and_free_point_remains_uneffected</b><br>Test class: Stepdef.popbitch_transaction</td>
<td><div><pre>org.openqa.selenium.NoSuchElementException: no such element: Unable to locate element: {&quot;method&quot;:&quot;id&quot;,&quot;selector&quot;:&quot;iframe__inpage_notices&quot;}
  (Session info: chrome=76.0.3809.132)
  (Driver info: chromedriver=2.43.600229 (3fae4d0cda5334b4f533bede5a4787f7b832d052),platform=Mac OS X 10.14.5 x86_64) (WARNING: The server did not provide any stacktrace information)
Command duration or timeout: 0 milliseconds
For documentation on this error, please visit: https://www.seleniumhq.org/exceptions/no_such_element.html
Build info: version: &apos;3.141.59&apos;, revision: &apos;e82be7d358&apos;, time: &apos;2018-11-14T08:17:03&apos;
System info: host: &apos;Jayarees-MacBook-Pro.local&apos;, ip: &apos;fe80:0:0:0:95:c4c:f8c1:6e19%en0&apos;, os.name: &apos;Mac OS X&apos;, os.arch: &apos;x86_64&apos;, os.version: &apos;10.14.5&apos;, java.version: &apos;1.8.0_191&apos;
Driver info: org.openqa.selenium.chrome.ChromeDriver
Capabilities {acceptInsecureCerts: false, acceptSslCerts: false, applicationCacheEnabled: false, browserConnectionEnabled: false, browserName: chrome, chrome: {chromedriverVersion: 2.43.600229 (3fae4d0cda5334..., userDataDir: /var/folders/s6/h3svzd2j4f3...}, cssSelectorsEnabled: true, databaseEnabled: false, goog:chromeOptions: {debuggerAddress: localhost:56848}, handlesAlerts: true, hasTouchScreen: false, javascriptEnabled: true, locationContextEnabled: true, mobileEmulationEnabled: false, nativeEvents: true, networkConnectionEnabled: false, pageLoadStrategy: normal, platform: MAC, platformName: MAC, rotatable: false, setWindowRect: true, takesHeapSnapshot: true, takesScreenshot: true, unexpectedAlertBehaviour: , unhandledPromptBehavior: , version: 76.0.3809.132, webStorageEnabled: true}
Session ID: ed3d0fbba5a898257f2a8a534cac8c0e
*** Element info: {Using=id, value=iframe__inpage_notices}
	at org.openqa.selenium.remote.ErrorHandler.createThrowable(ErrorHandler.java:214)
	at org.openqa.selenium.remote.ErrorHandler.throwIfResponseFailed(ErrorHandler.java:166)
	at org.openqa.selenium.remote.http.JsonHttpResponseCodec.reconstructValue(JsonHttpResponseCodec.java:40)
	at org.openqa.selenium.remote.http.AbstractHttpResponseCodec.decode(AbstractHttpResponseCodec.java:80)
	at org.openqa.selenium.remote.http.AbstractHttpResponseCodec.decode(AbstractHttpResponseCodec.java:44)
	at org.openqa.selenium.remote.HttpCommandExecutor.execute(HttpCommandExecutor.java:158)
	at org.openqa.selenium.remote.service.DriverCommandExecutor.execute(DriverCommandExecutor.java:83)
	at org.openqa.selenium.remote.RemoteWebDriver.execute(RemoteWebDriver.java:552)
	at org.openqa.selenium.remote.RemoteWebDriver.findElement(RemoteWebDriver.java:323)
	at org.openqa.selenium.remote.RemoteWebDriver.findElementById(RemoteWebDriver.java:372)
	at org.openqa.selenium.By$ById.findElement(By.java:188)
	at org.openqa.selenium.remote.RemoteWebDriver.findElement(RemoteWebDriver.java:315)
	at Elements.Authorise_charge_notice_popbitch.authorise_charge_notice_click_continue(Authorise_charge_notice_popbitch.java:50)
	at Stepdef.popbitch_transaction.reactions_wallet_balance_is_updated_and_free_point_remains_uneffected(popbitch_transaction.java:270)
... Removed 29 stack frames</pre></div><a href='#' onClick='toggleBox("stack-trace1565713391", this, "Click to show all stack frames", "Click to hide stack frames")'>Click to show all stack frames</a>
<div class='stack-trace' id='stack-trace1565713391'><pre>org.openqa.selenium.NoSuchElementException: no such element: Unable to locate element: {&quot;method&quot;:&quot;id&quot;,&quot;selector&quot;:&quot;iframe__inpage_notices&quot;}
  (Session info: chrome=76.0.3809.132)
  (Driver info: chromedriver=2.43.600229 (3fae4d0cda5334b4f533bede5a4787f7b832d052),platform=Mac OS X 10.14.5 x86_64) (WARNING: The server did not provide any stacktrace information)
Command duration or timeout: 0 milliseconds
For documentation on this error, please visit: https://www.seleniumhq.org/exceptions/no_such_element.html
Build info: version: &apos;3.141.59&apos;, revision: &apos;e82be7d358&apos;, time: &apos;2018-11-14T08:17:03&apos;
System info: host: &apos;Jayarees-MacBook-Pro.local&apos;, ip: &apos;fe80:0:0:0:95:c4c:f8c1:6e19%en0&apos;, os.name: &apos;Mac OS X&apos;, os.arch: &apos;x86_64&apos;, os.version: &apos;10.14.5&apos;, java.version: &apos;1.8.0_191&apos;
Driver info: org.openqa.selenium.chrome.ChromeDriver
Capabilities {acceptInsecureCerts: false, acceptSslCerts: false, applicationCacheEnabled: false, browserConnectionEnabled: false, browserName: chrome, chrome: {chromedriverVersion: 2.43.600229 (3fae4d0cda5334..., userDataDir: /var/folders/s6/h3svzd2j4f3...}, cssSelectorsEnabled: true, databaseEnabled: false, goog:chromeOptions: {debuggerAddress: localhost:56848}, handlesAlerts: true, hasTouchScreen: false, javascriptEnabled: true, locationContextEnabled: true, mobileEmulationEnabled: false, nativeEvents: true, networkConnectionEnabled: false, pageLoadStrategy: normal, platform: MAC, platformName: MAC, rotatable: false, setWindowRect: true, takesHeapSnapshot: true, takesScreenshot: true, unexpectedAlertBehaviour: , unhandledPromptBehavior: , version: 76.0.3809.132, webStorageEnabled: true}
Session ID: ed3d0fbba5a898257f2a8a534cac8c0e
*** Element info: {Using=id, value=iframe__inpage_notices}
	at sun.reflect.NativeConstructorAccessorImpl.newInstance0(Native Method)
	at sun.reflect.NativeConstructorAccessorImpl.newInstance(NativeConstructorAccessorImpl.java:62)
	at sun.reflect.DelegatingConstructorAccessorImpl.newInstance(DelegatingConstructorAccessorImpl.java:45)
	at java.lang.reflect.Constructor.newInstance(Constructor.java:423)
	at org.openqa.selenium.remote.ErrorHandler.createThrowable(ErrorHandler.java:214)
	at org.openqa.selenium.remote.ErrorHandler.throwIfResponseFailed(ErrorHandler.java:166)
	at org.openqa.selenium.remote.http.JsonHttpResponseCodec.reconstructValue(JsonHttpResponseCodec.java:40)
	at org.openqa.selenium.remote.http.AbstractHttpResponseCodec.decode(AbstractHttpResponseCodec.java:80)
	at org.openqa.selenium.remote.http.AbstractHttpResponseCodec.decode(AbstractHttpResponseCodec.java:44)
	at org.openqa.selenium.remote.HttpCommandExecutor.execute(HttpCommandExecutor.java:158)
	at org.openqa.selenium.remote.service.DriverCommandExecutor.execute(DriverCommandExecutor.java:83)
	at org.openqa.selenium.remote.RemoteWebDriver.execute(RemoteWebDriver.java:552)
	at org.openqa.selenium.remote.RemoteWebDriver.findElement(RemoteWebDriver.java:323)
	at org.openqa.selenium.remote.RemoteWebDriver.findElementById(RemoteWebDriver.java:372)
	at org.openqa.selenium.By$ById.findElement(By.java:188)
	at org.openqa.selenium.remote.RemoteWebDriver.findElement(RemoteWebDriver.java:315)
	at Elements.Authorise_charge_notice_popbitch.authorise_charge_notice_click_continue(Authorise_charge_notice_popbitch.java:50)
	at Stepdef.popbitch_transaction.reactions_wallet_balance_is_updated_and_free_point_remains_uneffected(popbitch_transaction.java:270)
	at sun.reflect.NativeMethodAccessorImpl.invoke0(Native Method)
	at sun.reflect.NativeMethodAccessorImpl.invoke(NativeMethodAccessorImpl.java:62)
	at sun.reflect.DelegatingMethodAccessorImpl.invoke(DelegatingMethodAccessorImpl.java:43)
	at java.lang.reflect.Method.invoke(Method.java:498)
	at org.testng.internal.MethodInvocationHelper.invokeMethod(MethodInvocationHelper.java:124)
	at org.testng.internal.Invoker.invokeMethod(Invoker.java:583)
	at org.testng.internal.Invoker.invokeTestMethod(Invoker.java:719)
	at org.testng.internal.Invoker.invokeTestMethods(Invoker.java:989)
	at org.testng.internal.TestMethodWorker.invokeTestMethods(TestMethodWorker.java:125)
	at org.testng.internal.TestMethodWorker.run(TestMethodWorker.java:109)
	at org.testng.TestRunner.privateRun(TestRunner.java:648)
	at org.testng.TestRunner.run(TestRunner.java:505)
	at org.testng.SuiteRunner.runTest(SuiteRunner.java:455)
	at org.testng.SuiteRunner.runSequentially(SuiteRunner.java:450)
	at org.testng.SuiteRunner.privateRun(SuiteRunner.java:415)
	at org.testng.SuiteRunner.run(SuiteRunner.java:364)
	at org.testng.SuiteRunnerWorker.runSuite(SuiteRunnerWorker.java:52)
	at org.testng.SuiteRunnerWorker.run(SuiteRunnerWorker.java:84)
	at org.testng.TestNG.runSuitesSequentially(TestNG.java:1208)
	at org.testng.TestNG.runSuitesLocally(TestNG.java:1137)
	at org.testng.TestNG.runSuites(TestNG.java:1049)
	at org.testng.TestNG.run(TestNG.java:1017)
	at org.testng.remote.AbstractRemoteTestNG.run(AbstractRemoteTestNG.java:114)
	at org.testng.remote.RemoteTestNG.initAndRun(RemoteTestNG.java:251)
	at org.testng.remote.RemoteTestNG.main(RemoteTestNG.java:77)
</pre></div></td>
<td>66</td>
<td>Stepdef.popbitch_transaction@47ef968d</td></tr>
</table><p>
<table width='100%' border='1' class='invocation-passed'>
<tr><td colspan='4' align='center'><b>PASSED TESTS</b></td></tr>
<tr><td><b>Test method</b></td>
<td width="30%"><b>Exception</b></td>
<td width="10%"><b>Time (seconds)</b></td>
<td><b>Instance</b></td>
</tr>
<tr>
<td title='Stepdef.Popbitch_register_First_Use_notice.finish_Notice_appears()'><b>finish_Notice_appears</b><br>Test class: Stepdef.Popbitch_register_First_Use_notice</td>
<td></td>
<td>23</td>
<td>Stepdef.Popbitch_register_First_Use_notice@6e0e048a</td></tr>
<tr>
<td title='Stepdef.Popbitch_register_First_Use_notice.finish_notice_elements_are_displayed()'><b>finish_notice_elements_are_displayed</b><br>Test class: Stepdef.Popbitch_register_First_Use_notice</td>
<td></td>
<td>44</td>
<td>Stepdef.Popbitch_register_First_Use_notice@6e0e048a</td></tr>
<tr>
<td title='Stepdef.Popbitch_login_First_Use_Notice.i_Click_on_Login_to_Agate_from_the_Pop_Bitch_First_use_notice()'><b>i_Click_on_Login_to_Agate_from_the_Pop_Bitch_First_use_notice</b><br>Test class: Stepdef.Popbitch_login_First_Use_Notice</td>
<td></td>
<td>20</td>
<td>Stepdef.Popbitch_login_First_Use_Notice@5bc79255</td></tr>
<tr>
<td title='Stepdef.Popbitch_login_First_Use_Notice.i_Login_with_correct_Details()'><b>i_Login_with_correct_Details</b><br>Test class: Stepdef.Popbitch_login_First_Use_Notice</td>
<td></td>
<td>7</td>
<td>Stepdef.Popbitch_login_First_Use_Notice@5bc79255</td></tr>
<tr>
<td title='Stepdef.popbitch_transaction.i_am_a_registered_Agate_User_and_I_login_in_to_popbitch_staging_with_username_as_and_password_as()'><b>i_am_a_registered_Agate_User_and_I_login_in_to_popbitch_staging_with_username_as_and_password_as</b><br>Test class: Stepdef.popbitch_transaction<br>Parameters: Chrome</td>
<td></td>
<td>51</td>
<td>Stepdef.popbitch_transaction@47ef968d</td></tr>
<tr>
<td title='Stepdef.Popbitch_login_First_Use_Notice.i_am_a_registered_user_I_open_the_browser()'><b>i_am_a_registered_user_I_open_the_browser</b><br>Test class: Stepdef.Popbitch_login_First_Use_Notice<br>Parameters: Chrome</td>
<td></td>
<td>1</td>
<td>Stepdef.Popbitch_login_First_Use_Notice@5bc79255</td></tr>
<tr>
<td title='Stepdef.Popbitch_register_First_Use_notice.i_am_not_a_user_of_Agate_I_open_a_browser()'><b>i_am_not_a_user_of_Agate_I_open_a_browser</b><br>Test class: Stepdef.Popbitch_register_First_Use_notice<br>Parameters: Chrome</td>
<td></td>
<td>2</td>
<td>Stepdef.Popbitch_register_First_Use_notice@6e0e048a</td></tr>
<tr>
<td title='Stepdef.Popbitch_register_First_Use_notice.i_click_on_the_create_agate_wallet_from_the_first_use_notice()'><b>i_click_on_the_create_agate_wallet_from_the_first_use_notice</b><br>Test class: Stepdef.Popbitch_register_First_Use_notice</td>
<td></td>
<td>11</td>
<td>Stepdef.Popbitch_register_First_Use_notice@6e0e048a</td></tr>
<tr>
<td title='Stepdef.Popbitch_register_First_Use_notice.i_enter_the_correct_details_and_hit_the_Register_button()'><b>i_enter_the_correct_details_and_hit_the_Register_button</b><br>Test class: Stepdef.Popbitch_register_First_Use_notice</td>
<td></td>
<td>47</td>
<td>Stepdef.Popbitch_register_First_Use_notice@6e0e048a</td></tr>
<tr>
<td title='Stepdef.Popbitch_register_First_Use_notice.i_login_successfully()'><b>i_login_successfully</b><br>Test class: Stepdef.Popbitch_register_First_Use_notice</td>
<td></td>
<td>10</td>
<td>Stepdef.Popbitch_register_First_Use_notice@6e0e048a</td></tr>
<tr>
<td title='Stepdef.Popbitch_login_First_Use_Notice.i_navigate_to_popbitch_com()'><b>i_navigate_to_popbitch_com</b><br>Test class: Stepdef.Popbitch_login_First_Use_Notice</td>
<td></td>
<td>5</td>
<td>Stepdef.Popbitch_login_First_Use_Notice@5bc79255</td></tr>
<tr>
<td title='Stepdef.Popbitch_register_First_Use_notice.i_navigate_to_popbitch_com_from_the_browser()'><b>i_navigate_to_popbitch_com_from_the_browser</b><br>Test class: Stepdef.Popbitch_register_First_Use_notice</td>
<td></td>
<td>5</td>
<td>Stepdef.Popbitch_register_First_Use_notice@6e0e048a</td></tr>
<tr>
<td title='Stepdef.Popbitch_login_First_Use_Notice.i_verify_that_I_am_navigated_to_the_full_article()'><b>i_verify_that_I_am_navigated_to_the_full_article</b><br>Test class: Stepdef.Popbitch_login_First_Use_Notice</td>
<td></td>
<td>46</td>
<td>Stepdef.Popbitch_login_First_Use_Notice@5bc79255</td></tr>
<tr>
<td title='Stepdef.Popbitch_login_First_Use_Notice.i_verify_that_the_Login_Button_Navigates_me_to_the_login_page()'><b>i_verify_that_the_Login_Button_Navigates_me_to_the_login_page</b><br>Test class: Stepdef.Popbitch_login_First_Use_Notice</td>
<td></td>
<td>10</td>
<td>Stepdef.Popbitch_login_First_Use_Notice@5bc79255</td></tr>
<tr>
<td title='Stepdef.Popbitch_register_First_Use_notice.i_verify_that_the_create_wallet_button_navigates_me_to_the_sign_up_page()'><b>i_verify_that_the_create_wallet_button_navigates_me_to_the_sign_up_page</b><br>Test class: Stepdef.Popbitch_register_First_Use_notice</td>
<td></td>
<td>32</td>
<td>Stepdef.Popbitch_register_First_Use_notice@6e0e048a</td></tr>
<tr>
<td title='Stepdef.popbitch_transaction.slough_wallet_balance_remains_and_is_uneffected_by_popbitch()'><b>slough_wallet_balance_remains_and_is_uneffected_by_popbitch</b><br>Test class: Stepdef.popbitch_transaction</td>
<td></td>
<td>97</td>
<td>Stepdef.popbitch_transaction@47ef968d</td></tr>
<tr>
<td title='Stepdef.popbitch_transaction.the_New_European_wallet_balance_is_updated_same_as_popbitch_and_free_point_remains_uneffected()'><b>the_New_European_wallet_balance_is_updated_same_as_popbitch_and_free_point_remains_uneffected</b><br>Test class: Stepdef.popbitch_transaction</td>
<td></td>
<td>0</td>
<td>Stepdef.popbitch_transaction@47ef968d</td></tr>
<tr>
<td title='Stepdef.popbitch_transaction.the_wallet_balance_and_free_point_are_deducted_by_p()'><b>the_wallet_balance_and_free_point_are_deducted_by_p</b><br>Test class: Stepdef.popbitch_transaction</td>
<td></td>
<td>10</td>
<td>Stepdef.popbitch_transaction@47ef968d</td></tr>
</table><p>
</body>
</html>